<?xml version="1.0" encoding="UTF-8"?>
<!-- Generated by org.testng.reporters.JUnitXMLReporter -->
<testsuite ignored="6" hostname="DESKTOP-L1F3TE2" failures="1" tests="5" name="Register" time="40.797" errors="0" timestamp="2024-09-01T13:06:10 IST">
  <testcase classname="com.Tutorials.TestCases.RegisterTest" name="RegisterInvalidCredentials" time="0.017"/>
  <testcase classname="com.Tutorials.TestCases.LoginTest" name="InValidatecredential" time="1.054"/>
  <testcase classname="com.Tutorials.TestCases.LoginTest" name="Validatecredential" time="1.512"/>
  <testcase classname="com.Tutorials.TestCases.ForgotTest" name="TestwithInvalidCredentails" time="1.514">
    <failure type="java.lang.AssertionError" message="expected [true] but found [false]">
      <![CDATA[java.lang.AssertionError: expected [true] but found [false]
at com.Tutorials.TestCases.ForgotTest.TestwithInvalidCredentails(ForgotTest.java:53)
at java.base/java.util.ArrayList.forEach(ArrayList.java:1596)
at java.base/java.util.concurrent.FutureTask.run(FutureTask.java:317)
at java.base/java.util.concurrent.ThreadPoolExecutor.runWorker(ThreadPoolExecutor.java:1144)
at java.base/java.util.concurrent.ThreadPoolExecutor$Worker.run(ThreadPoolExecutor.java:642)
at java.base/java.lang.Thread.run(Thread.java:1583)
... Removed 19 stack frames]]>
    </failure>
  </testcase> <!-- TestwithInvalidCredentails -->
  <testcase classname="com.Tutorials.TestCases.ForgotTest" name="TestwithvalidCredentials" time="1.05"/>
  <testcase classname="com.Tutorials.TestCases.SearchTest" name="searchwithNonExisitngProduct" time="0.0">
    <ignored/>
  </testcase> <!-- searchwithNonExisitngProduct -->
  <testcase classname="com.Tutorials.TestCases.RegisterTest" name="RegisterInvalidPassword" time="0.0">
    <ignored/>
  </testcase> <!-- RegisterInvalidPassword -->
  <testcase classname="com.Tutorials.TestCases.RegisterTest" name="RegisterWithExistedCredentials" time="0.0">
    <ignored/>
  </testcase> <!-- RegisterWithExistedCredentials -->
  <testcase classname="com.Tutorials.TestCases.SearchTest" name="SearchwithExistingProduct" time="0.0">
    <ignored/>
  </testcase> <!-- SearchwithExistingProduct -->
  <testcase classname="com.Tutorials.TestCases.RegisterTest" name="RegisterValidCredentials" time="0.0">
    <ignored/>
  </testcase> <!-- RegisterValidCredentials -->
  <testcase classname="com.Tutorials.TestCases.SearchTest" name="searchwithNoproduct" time="0.0">
    <ignored/>
  </testcase> <!-- searchwithNoproduct -->
</testsuite> <!-- Register -->
